<?xml version="1.0"?><coverage lines-covered="0" lines-valid="0" line-rate="NaN" branches-covered="0" branches-valid="0" branch-rate="0" complexity="0" version="1.9" timestamp="1747023717"><sources><source>E:\Rust\Backend</source></sources><packages><package name="src\infrastructure" line-rate="0" branch-rate="0" complexity="0"><classes></classes></package><package name="src" line-rate="0" branch-rate="0" complexity="0"><classes></classes></package><package name="src\domain\entities" line-rate="0" branch-rate="0" complexity="0"><classes></classes></package><package name="src\domain\value_object" line-rate="0" branch-rate="0" complexity="0"><classes></classes></package><package name="src\infrastructure\axum_http" line-rate="0" branch-rate="0" complexity="0"><classes></classes></package><package name="src\application" line-rate="0" branch-rate="0" complexity="0"><classes></classes></package><package name="src\application\usecases" line-rate="0" branch-rate="0" complexity="0"><classes></classes></package><package name="src\infrastructure\postgres\repositories" line-rate="0" branch-rate="0" complexity="0"><classes></classes></package><package name="src\domain\repositories" line-rate="0" branch-rate="0" complexity="0"><classes></classes></package><package name="src\config" line-rate="0" branch-rate="0" complexity="0"><classes></classes></package><package name="src\infrastructure\postgres" line-rate="0" branch-rate="0" complexity="0"><classes></classes></package><package name="src\domain" line-rate="0" branch-rate="0" complexity="0"><classes></classes></package></packages></coverage>